0000 2E00                         mov r6,#initialisation_pile
     00E8
0002 2F00                         mov r7,#print_0
     0008
0004 2800                         mov r0,#2
     0002
0006 8800                         b printInt
     0010
0008 2F00 @print_0                mov r7,#print_1
     000E
000A 2800                         mov r0,#3
     0003
000C 8800                         b printInt
     0010
000E 8800 @print_1                b print_1
     000E
0010 1804 @printInt               str r1,printInt_r1
     0070
0012 1808                         str r2,printInt_r2
     0071
0014 180C                         str r3,printInt_r3
     0072
0016 1810                         str r4,printInt_r4
     0073
0018 1814                         str r5,printInt_r5
     0074
001A 2900                         mov r1,#0
     0000
001C 2A00                         mov r2,#0
     0000
001E 2B00                         mov r3,#0
     0000
0020 2C00                         mov r4,#0
     0000
0022 2D00                         mov r5,#0
     0000
0024 5800                         cmp r0,#0
     0000
0026 7800                         blt printInt_minus
     002A
0028 8800                         b printInt_loop_a
     0031
002A 2D00 @printInt_minus         mov r5,#45
     002D
002C 1814                         str r5,0xABCD
     ABCD
002E 2D00                         mov r5,#0
     0000
0030 40A0                         sub r0,r5,r0
0031 5820 @printInt_loop_a        cmp r1,#5
     0005
0033 6800                         beq printInt_endloop_a
     0054
0035 3C20                         add r4,r1,#printInt_table
     006B
0037 0480                         ldr r4,[r4]
0038 2A00                         mov r2,#0
     0000
003A 5010 @printInt_loop_b        cmp r0,r4
003B 7800                         blt printInt_endloop_b
     0042
003D 3A40                         add r2,r2,#1
     0001
003F 4010                         sub r0,r0,r4
0040 8800                         b printInt_loop_b
     003A
0042 3920 @printInt_endloop_b     add r1,r1,#1
     0001
0044 5840                         cmp r2,#0
     0000
0046 6800                         beq printInt_endif_a
     004A
0048 2B00                         mov r3,#1
     0001
004A 5860 @printInt_endif_a       cmp r3,#0
     0000
004C 6800                         beq printInt_endif_b
     0052
004E 3D40                         add r5,r2,#48
     0030
0050 1814                         str r5,0xABCD
     ABCD
0052 8800 @printInt_endif_b       b printInt_loop_a
     0031
0054 5860 @printInt_endloop_a     cmp r3,#1
     0001
0056 6800                         beq printInt_endif_c
     005C
0058 2D00                         mov r5,#48
     0030
005A 1814                         str r5,0xABCD
     ABCD
005C 2D00 @printInt_endif_c       mov r5,#10
     000A
005E 1814                         str r5,0xABCD
     ABCD
0060 0900                         ldr r1,printInt_r1
     0070
0062 0A00                         ldr r2,printInt_r2
     0071
0064 0B00                         ldr r3,printInt_r3
     0072
0066 0C00                         ldr r4,printInt_r4
     0073
0068 0D00                         ldr r5,printInt_r5
     0074
006A 801C                         b r7
006B 2710 @printInt_table         smw 10000
006C 03E8                         smw 1000
006D 0064                         smw 100
006E 000A                         smw 10
006F 0001                         smw 1
0070 0000 @printInt_r1            rmw 1
0071 0000 @printInt_r2            rmw 1
0072 0000 @printInt_r3            rmw 1
0073 0000 @printInt_r4            rmw 1
0074 0000 @printInt_r5            rmw 1
0075 1804 @printStr               str r1,printStr_r1_mem
     0086
0077 0100                         ldr r1,[r0]
0078 5820 @printStr_loop          cmp r1,#0
     0000
007A 6800                         beq printStr_end
     0083
007C 1804                         str r1,0xABCD
     ABCD
007E 3800                         add r0,r0,#1
     0001
0080 0100                         ldr r1,[r0]
0081 8800                         b printStr_loop
     0078
0083 0900 @printStr_end           ldr r1,printStr_r1_mem
     0086
0085 801C                         b r7
0086 0000 @printStr_r1_mem        rmw 1
0087 0B00 @readChr                ldr r3,0x9234
     9234
0089 5860                         cmp r3,#0
     0000
008B 6800                         beq readChr
     0087
008D 180C                         str r3,0x9234
     9234
008F 801C                         b r7
0090 1804 @readInt                str r1,readInt_r1
     00E3
0092 1808                         str r2,readInt_r2
     00E4
0094 180C                         str r3,readInt_r3
     00E5
0096 1810                         str r4,readInt_r4
     00E6
0098 181C                         str r7,readInt_r7
     00E7
009A 2800                         mov r0,#0
     0000
009C 2900                         mov r1,#0
     0000
009E 2A00                         mov r2,#0
     0000
00A0 2B00                         mov r3,#0
     0000
00A2 2C00                         mov r4,#0
     0000
00A4 2F00                         mov r7,#readInt_return_1
     00A8
00A6 8800                         b readChr
     0087
00A8 5860 @readInt_return_1       cmp r3,#45
     002D
00AA 6800                         beq readInt_isMinus
     00AE
00AC 8800                         b readInt_minus_continue
     00B6
00AE 2C00 @readInt_isMinus        mov r4,#1
     0001
00B0 180C                         str r3,0xABCD
     ABCD
00B2 2F00                         mov r7,#readInt_minus_continue
     00B6
00B4 8800                         b readChr
     0087
00B6 5860 @readInt_minus_continue cmp r3,#58
     003A
00B8 7800                         blt readInt_maybevalid
     00BC
00BA 8800                         b readInt_noMoreNber
     00CD
00BC 5860 @readInt_maybevalid     cmp r3,#48
     0030
00BE 7800                         blt readInt_noMoreNber
     00CD
00C0 180C                         str r3,0xABCD
     ABCD
00C2 3000                         add r0,r0,r0
00C3 3100                         add r1,r0,r0
00C4 3124                         add r1,r1,r1
00C5 3004                         add r0,r0,r1
00C6 4B60                         sub r3,r3,#48
     0030
00C8 300C                         add r0,r0,r3
00C9 2F00                         mov r7,#readInt_minus_continue
     00B6
00CB 8800                         b readChr
     0087
00CD 2B00 @readInt_noMoreNber     mov r3,#10
     000A
00CF 180C                         str r3,0xABCD
     ABCD
00D1 5880                         cmp r4,#0
     0000
00D3 6800                         beq readInt_maybenewline
     00D8
00D5 2B00                         mov r3,#0
     0000
00D7 4060                         sub r0,r3,r0
00D8 0900 @readInt_maybenewline   ldr r1,readInt_r1
     00E3
00DA 0A00                         ldr r2,readInt_r2
     00E4
00DC 0B00                         ldr r3,readInt_r3
     00E5
00DE 0C00                         ldr r4,readInt_r4
     00E6
00E0 0F00                         ldr r7,readInt_r7
     00E7
00E2 801C                         b r7
00E3 0000 @readInt_r1             rmw 1
00E4 0000 @readInt_r2             rmw 1
00E5 0000 @readInt_r3             rmw 1
00E6 0000 @readInt_r4             rmw 1
00E7 0000 @readInt_r7             rmw 1
00E8 0000 @initialisation_pile    rmw 1
