0000 2E00                         mov r6,#initialisation_pile
     0143
0002 2800                         mov r0,#10
     000A
0004 1800                         str r0,mem_a
     0069
0006 2800                         mov r0,#7
     0007
0008 1800                         str r0,mem_b
     006A
000A 2F00                         mov r7,#print_0
     0067
000C 2800                         mov r0,#4
     0004
000E 3EC0                         add r6,r6,#1
     0001
0010 10C0                         str r0,[r6]
0011 2800                         mov r0,#3
     0003
0013 3EC0                         add r6,r6,#1
     0001
0015 10C0                         str r0,[r6]
0016 0800                         ldr r0,mem_a
     0069
0018 3EC0                         add r6,r6,#1
     0001
001A 10C0                         str r0,[r6]
001B 0800                         ldr r0,mem_b
     006A
001D 01C0                         ldr r1,[r6]
001E 4EC0                         sub r6,r6,#1
     0001
0020 3020                         add r0,r1,r0
0021 01C0                         ldr r1,[r6]
0022 4EC0                         sub r6,r6,#1
     0001
0024 1804                         str r1,0xAAAA
     AAAA
0026 1800                         str r0,0xAAAB
     AAAB
0028 0800                         ldr r0,0xAAAC
     AAAC
002A 01C0                         ldr r1,[r6]
002B 4EC0                         sub r6,r6,#1
     0001
002D 3020                         add r0,r1,r0
002E 3EC0                         add r6,r6,#1
     0001
0030 10C0                         str r0,[r6]
0031 2800                         mov r0,#3
     0003
0033 3EC0                         add r6,r6,#1
     0001
0035 10C0                         str r0,[r6]
0036 2800                         mov r0,#2
     0002
0038 3EC0                         add r6,r6,#1
     0001
003A 10C0                         str r0,[r6]
003B 2800                         mov r0,#4
     0004
003D 3EC0                         add r6,r6,#1
     0001
003F 10C0                         str r0,[r6]
0040 0800                         ldr r0,mem_a
     0069
0042 3EC0                         add r6,r6,#1
     0001
0044 10C0                         str r0,[r6]
0045 0800                         ldr r0,mem_b
     006A
0047 01C0                         ldr r1,[r6]
0048 4EC0                         sub r6,r6,#1
     0001
004A 4020                         sub r0,r1,r0
004B 01C0                         ldr r1,[r6]
004C 4EC0                         sub r6,r6,#1
     0001
004E 1804                         str r1,0xAAAA
     AAAA
0050 1800                         str r0,0xAAAB
     AAAB
0052 0800                         ldr r0,0xAAAC
     AAAC
0054 01C0                         ldr r1,[r6]
0055 4EC0                         sub r6,r6,#1
     0001
0057 4020                         sub r0,r1,r0
0058 01C0                         ldr r1,[r6]
0059 4EC0                         sub r6,r6,#1
     0001
005B 1804                         str r1,0xAAAA
     AAAA
005D 1800                         str r0,0xAAAB
     AAAB
005F 0800                         ldr r0,0xAAAC
     AAAC
0061 01C0                         ldr r1,[r6]
0062 4EC0                         sub r6,r6,#1
     0001
0064 4020                         sub r0,r1,r0
0065 8800                         b printInt
     006B
0067 8800 @print_0                b print_0
     0067
0069 0000 @mem_a                  rmw 1
006A 0000 @mem_b                  rmw 1
006B 1804 @printInt               str r1,printInt_r1
     00CB
006D 1808                         str r2,printInt_r2
     00CC
006F 180C                         str r3,printInt_r3
     00CD
0071 1810                         str r4,printInt_r4
     00CE
0073 1814                         str r5,printInt_r5
     00CF
0075 2900                         mov r1,#0
     0000
0077 2A00                         mov r2,#0
     0000
0079 2B00                         mov r3,#0
     0000
007B 2C00                         mov r4,#0
     0000
007D 2D00                         mov r5,#0
     0000
007F 5800                         cmp r0,#0
     0000
0081 7800                         blt printInt_minus
     0085
0083 8800                         b printInt_loop_a
     008C
0085 2D00 @printInt_minus         mov r5,#45
     002D
0087 1814                         str r5,0xABCD
     ABCD
0089 2D00                         mov r5,#0
     0000
008B 40A0                         sub r0,r5,r0
008C 5820 @printInt_loop_a        cmp r1,#5
     0005
008E 6800                         beq printInt_endloop_a
     00AF
0090 3C20                         add r4,r1,#printInt_table
     00C6
0092 0480                         ldr r4,[r4]
0093 2A00                         mov r2,#0
     0000
0095 5010 @printInt_loop_b        cmp r0,r4
0096 7800                         blt printInt_endloop_b
     009D
0098 3A40                         add r2,r2,#1
     0001
009A 4010                         sub r0,r0,r4
009B 8800                         b printInt_loop_b
     0095
009D 3920 @printInt_endloop_b     add r1,r1,#1
     0001
009F 5840                         cmp r2,#0
     0000
00A1 6800                         beq printInt_endif_a
     00A5
00A3 2B00                         mov r3,#1
     0001
00A5 5860 @printInt_endif_a       cmp r3,#0
     0000
00A7 6800                         beq printInt_endif_b
     00AD
00A9 3D40                         add r5,r2,#48
     0030
00AB 1814                         str r5,0xABCD
     ABCD
00AD 8800 @printInt_endif_b       b printInt_loop_a
     008C
00AF 5860 @printInt_endloop_a     cmp r3,#1
     0001
00B1 6800                         beq printInt_endif_c
     00B7
00B3 2D00                         mov r5,#48
     0030
00B5 1814                         str r5,0xABCD
     ABCD
00B7 2D00 @printInt_endif_c       mov r5,#10
     000A
00B9 1814                         str r5,0xABCD
     ABCD
00BB 0900                         ldr r1,printInt_r1
     00CB
00BD 0A00                         ldr r2,printInt_r2
     00CC
00BF 0B00                         ldr r3,printInt_r3
     00CD
00C1 0C00                         ldr r4,printInt_r4
     00CE
00C3 0D00                         ldr r5,printInt_r5
     00CF
00C5 801C                         b r7
00C6 2710 @printInt_table         smw 10000
00C7 03E8                         smw 1000
00C8 0064                         smw 100
00C9 000A                         smw 10
00CA 0001                         smw 1
00CB 0000 @printInt_r1            rmw 1
00CC 0000 @printInt_r2            rmw 1
00CD 0000 @printInt_r3            rmw 1
00CE 0000 @printInt_r4            rmw 1
00CF 0000 @printInt_r5            rmw 1
00D0 1804 @printStr               str r1,printStr_r1_mem
     00E1
00D2 0100                         ldr r1,[r0]
00D3 5820 @printStr_loop          cmp r1,#0
     0000
00D5 6800                         beq printStr_end
     00DE
00D7 1804                         str r1,0xABCD
     ABCD
00D9 3800                         add r0,r0,#1
     0001
00DB 0100                         ldr r1,[r0]
00DC 8800                         b printStr_loop
     00D3
00DE 0900 @printStr_end           ldr r1,printStr_r1_mem
     00E1
00E0 801C                         b r7
00E1 0000 @printStr_r1_mem        rmw 1
00E2 0B00 @readChr                ldr r3,0x9234
     9234
00E4 5860                         cmp r3,#0
     0000
00E6 6800                         beq readChr
     00E2
00E8 180C                         str r3,0x9234
     9234
00EA 801C                         b r7
00EB 1804 @readInt                str r1,readInt_r1
     013E
00ED 1808                         str r2,readInt_r2
     013F
00EF 180C                         str r3,readInt_r3
     0140
00F1 1810                         str r4,readInt_r4
     0141
00F3 181C                         str r7,readInt_r7
     0142
00F5 2800                         mov r0,#0
     0000
00F7 2900                         mov r1,#0
     0000
00F9 2A00                         mov r2,#0
     0000
00FB 2B00                         mov r3,#0
     0000
00FD 2C00                         mov r4,#0
     0000
00FF 2F00                         mov r7,#readInt_return_1
     0103
0101 8800                         b readChr
     00E2
0103 5860 @readInt_return_1       cmp r3,#45
     002D
0105 6800                         beq readInt_isMinus
     0109
0107 8800                         b readInt_minus_continue
     0111
0109 2C00 @readInt_isMinus        mov r4,#1
     0001
010B 180C                         str r3,0xABCD
     ABCD
010D 2F00                         mov r7,#readInt_minus_continue
     0111
010F 8800                         b readChr
     00E2
0111 5860 @readInt_minus_continue cmp r3,#58
     003A
0113 7800                         blt readInt_maybevalid
     0117
0115 8800                         b readInt_noMoreNber
     0128
0117 5860 @readInt_maybevalid     cmp r3,#48
     0030
0119 7800                         blt readInt_noMoreNber
     0128
011B 180C                         str r3,0xABCD
     ABCD
011D 3000                         add r0,r0,r0
011E 3100                         add r1,r0,r0
011F 3124                         add r1,r1,r1
0120 3004                         add r0,r0,r1
0121 4B60                         sub r3,r3,#48
     0030
0123 300C                         add r0,r0,r3
0124 2F00                         mov r7,#readInt_minus_continue
     0111
0126 8800                         b readChr
     00E2
0128 2B00 @readInt_noMoreNber     mov r3,#10
     000A
012A 180C                         str r3,0xABCD
     ABCD
012C 5880                         cmp r4,#0
     0000
012E 6800                         beq readInt_maybenewline
     0133
0130 2B00                         mov r3,#0
     0000
0132 4060                         sub r0,r3,r0
0133 0900 @readInt_maybenewline   ldr r1,readInt_r1
     013E
0135 0A00                         ldr r2,readInt_r2
     013F
0137 0B00                         ldr r3,readInt_r3
     0140
0139 0C00                         ldr r4,readInt_r4
     0141
013B 0F00                         ldr r7,readInt_r7
     0142
013D 801C                         b r7
013E 0000 @readInt_r1             rmw 1
013F 0000 @readInt_r2             rmw 1
0140 0000 @readInt_r3             rmw 1
0141 0000 @readInt_r4             rmw 1
0142 0000 @readInt_r7             rmw 1
0143 0000 @initialisation_pile    rmw 1
