0000 2E00                         mov r6,#initialisation_pile
     0131
0002 2800                         mov r0,#1
     0001
0004 1800                         str r0,mem_u
     0055
0006 2F00                         mov r7,#print_0
     000C
0008 0800                         ldr r0,mem_u
     0055
000A 8800                         b printInt
     0059
000C 2800 @print_0                mov r0,#1
     0001
000E 1800                         str r0,mem_v
     0056
0010 2F00                         mov r7,#print_1
     0016
0012 0800                         ldr r0,mem_v
     0056
0014 8800                         b printInt
     0059
0016 2800 @print_1                mov r0,#0
     0000
0018 1800                         str r0,mem_i
     0057
001A 0800 @boucle_debut_0         ldr r0,mem_i
     0057
001C 3EC0                         add r6,r6,#1
     0001
001E 10C0                         str r0,[r6]
001F 2800                         mov r0,#20
     0014
0021 01C0                         ldr r1,[r6]
0022 4EC0                         sub r6,r6,#1
     0001
0024 5020                         cmp r1,r0
0025 7800                         blt si_vrai_0
     0029
0027 8800                         b fin_boucle_0
     0053
0029 0800 @si_vrai_0              ldr r0,mem_u
     0055
002B 3EC0                         add r6,r6,#1
     0001
002D 10C0                         str r0,[r6]
002E 0800                         ldr r0,mem_v
     0056
0030 01C0                         ldr r1,[r6]
0031 4EC0                         sub r6,r6,#1
     0001
0033 3020                         add r0,r1,r0
0034 1800                         str r0,mem_w
     0058
0036 0800                         ldr r0,mem_v
     0056
0038 1800                         str r0,mem_u
     0055
003A 0800                         ldr r0,mem_w
     0058
003C 1800                         str r0,mem_v
     0056
003E 2F00                         mov r7,#print_2
     0044
0040 0800                         ldr r0,mem_v
     0056
0042 8800                         b printInt
     0059
0044 0800 @print_2                ldr r0,mem_i
     0057
0046 3EC0                         add r6,r6,#1
     0001
0048 10C0                         str r0,[r6]
0049 2800                         mov r0,#1
     0001
004B 01C0                         ldr r1,[r6]
004C 4EC0                         sub r6,r6,#1
     0001
004E 3020                         add r0,r1,r0
004F 1800                         str r0,mem_i
     0057
0051 8800                         b boucle_debut_0
     001A
0053 8800 @fin_boucle_0           b fin_boucle_0
     0053
0055 0000 @mem_u                  rmw 1
0056 0000 @mem_v                  rmw 1
0057 0000 @mem_i                  rmw 1
0058 0000 @mem_w                  rmw 1
0059 1804 @printInt               str r1,printInt_r1
     00B9
005B 1808                         str r2,printInt_r2
     00BA
005D 180C                         str r3,printInt_r3
     00BB
005F 1810                         str r4,printInt_r4
     00BC
0061 1814                         str r5,printInt_r5
     00BD
0063 2900                         mov r1,#0
     0000
0065 2A00                         mov r2,#0
     0000
0067 2B00                         mov r3,#0
     0000
0069 2C00                         mov r4,#0
     0000
006B 2D00                         mov r5,#0
     0000
006D 5800                         cmp r0,#0
     0000
006F 7800                         blt printInt_minus
     0073
0071 8800                         b printInt_loop_a
     007A
0073 2D00 @printInt_minus         mov r5,#45
     002D
0075 1814                         str r5,0xABCD
     ABCD
0077 2D00                         mov r5,#0
     0000
0079 40A0                         sub r0,r5,r0
007A 5820 @printInt_loop_a        cmp r1,#5
     0005
007C 6800                         beq printInt_endloop_a
     009D
007E 3C20                         add r4,r1,#printInt_table
     00B4
0080 0480                         ldr r4,[r4]
0081 2A00                         mov r2,#0
     0000
0083 5010 @printInt_loop_b        cmp r0,r4
0084 7800                         blt printInt_endloop_b
     008B
0086 3A40                         add r2,r2,#1
     0001
0088 4010                         sub r0,r0,r4
0089 8800                         b printInt_loop_b
     0083
008B 3920 @printInt_endloop_b     add r1,r1,#1
     0001
008D 5840                         cmp r2,#0
     0000
008F 6800                         beq printInt_endif_a
     0093
0091 2B00                         mov r3,#1
     0001
0093 5860 @printInt_endif_a       cmp r3,#0
     0000
0095 6800                         beq printInt_endif_b
     009B
0097 3D40                         add r5,r2,#48
     0030
0099 1814                         str r5,0xABCD
     ABCD
009B 8800 @printInt_endif_b       b printInt_loop_a
     007A
009D 5860 @printInt_endloop_a     cmp r3,#1
     0001
009F 6800                         beq printInt_endif_c
     00A5
00A1 2D00                         mov r5,#48
     0030
00A3 1814                         str r5,0xABCD
     ABCD
00A5 2D00 @printInt_endif_c       mov r5,#10
     000A
00A7 1814                         str r5,0xABCD
     ABCD
00A9 0900                         ldr r1,printInt_r1
     00B9
00AB 0A00                         ldr r2,printInt_r2
     00BA
00AD 0B00                         ldr r3,printInt_r3
     00BB
00AF 0C00                         ldr r4,printInt_r4
     00BC
00B1 0D00                         ldr r5,printInt_r5
     00BD
00B3 801C                         b r7
00B4 2710 @printInt_table         smw 10000
00B5 03E8                         smw 1000
00B6 0064                         smw 100
00B7 000A                         smw 10
00B8 0001                         smw 1
00B9 0000 @printInt_r1            rmw 1
00BA 0000 @printInt_r2            rmw 1
00BB 0000 @printInt_r3            rmw 1
00BC 0000 @printInt_r4            rmw 1
00BD 0000 @printInt_r5            rmw 1
00BE 1804 @printStr               str r1,printStr_r1_mem
     00CF
00C0 0100                         ldr r1,[r0]
00C1 5820 @printStr_loop          cmp r1,#0
     0000
00C3 6800                         beq printStr_end
     00CC
00C5 1804                         str r1,0xABCD
     ABCD
00C7 3800                         add r0,r0,#1
     0001
00C9 0100                         ldr r1,[r0]
00CA 8800                         b printStr_loop
     00C1
00CC 0900 @printStr_end           ldr r1,printStr_r1_mem
     00CF
00CE 801C                         b r7
00CF 0000 @printStr_r1_mem        rmw 1
00D0 0B00 @readChr                ldr r3,0x9234
     9234
00D2 5860                         cmp r3,#0
     0000
00D4 6800                         beq readChr
     00D0
00D6 180C                         str r3,0x9234
     9234
00D8 801C                         b r7
00D9 1804 @readInt                str r1,readInt_r1
     012C
00DB 1808                         str r2,readInt_r2
     012D
00DD 180C                         str r3,readInt_r3
     012E
00DF 1810                         str r4,readInt_r4
     012F
00E1 181C                         str r7,readInt_r7
     0130
00E3 2800                         mov r0,#0
     0000
00E5 2900                         mov r1,#0
     0000
00E7 2A00                         mov r2,#0
     0000
00E9 2B00                         mov r3,#0
     0000
00EB 2C00                         mov r4,#0
     0000
00ED 2F00                         mov r7,#readInt_return_1
     00F1
00EF 8800                         b readChr
     00D0
00F1 5860 @readInt_return_1       cmp r3,#45
     002D
00F3 6800                         beq readInt_isMinus
     00F7
00F5 8800                         b readInt_minus_continue
     00FF
00F7 2C00 @readInt_isMinus        mov r4,#1
     0001
00F9 180C                         str r3,0xABCD
     ABCD
00FB 2F00                         mov r7,#readInt_minus_continue
     00FF
00FD 8800                         b readChr
     00D0
00FF 5860 @readInt_minus_continue cmp r3,#58
     003A
0101 7800                         blt readInt_maybevalid
     0105
0103 8800                         b readInt_noMoreNber
     0116
0105 5860 @readInt_maybevalid     cmp r3,#48
     0030
0107 7800                         blt readInt_noMoreNber
     0116
0109 180C                         str r3,0xABCD
     ABCD
010B 3000                         add r0,r0,r0
010C 3100                         add r1,r0,r0
010D 3124                         add r1,r1,r1
010E 3004                         add r0,r0,r1
010F 4B60                         sub r3,r3,#48
     0030
0111 300C                         add r0,r0,r3
0112 2F00                         mov r7,#readInt_minus_continue
     00FF
0114 8800                         b readChr
     00D0
0116 2B00 @readInt_noMoreNber     mov r3,#10
     000A
0118 180C                         str r3,0xABCD
     ABCD
011A 5880                         cmp r4,#0
     0000
011C 6800                         beq readInt_maybenewline
     0121
011E 2B00                         mov r3,#0
     0000
0120 4060                         sub r0,r3,r0
0121 0900 @readInt_maybenewline   ldr r1,readInt_r1
     012C
0123 0A00                         ldr r2,readInt_r2
     012D
0125 0B00                         ldr r3,readInt_r3
     012E
0127 0C00                         ldr r4,readInt_r4
     012F
0129 0F00                         ldr r7,readInt_r7
     0130
012B 801C                         b r7
012C 0000 @readInt_r1             rmw 1
012D 0000 @readInt_r2             rmw 1
012E 0000 @readInt_r3             rmw 1
012F 0000 @readInt_r4             rmw 1
0130 0000 @readInt_r7             rmw 1
0131 0000 @initialisation_pile    rmw 1
