0000 2E00                         mov r6,#initialisation_pile
     012A
0002 2F00                         mov r7,#read_0
     0006
0004 8800                         b readInt
     00D2
0006 1800 @read_0                 str r0,mem_a
     0050
0008 2F00                         mov r7,#read_1
     000C
000A 8800                         b readInt
     00D2
000C 1800 @read_1                 str r0,mem_b
     0051
000E 0800 @boucle_debut_0         ldr r0,mem_a
     0050
0010 3EC0                         add r6,r6,#1
     0001
0012 10C0                         str r0,[r6]
0013 0800                         ldr r0,mem_b
     0051
0015 01C0                         ldr r1,[r6]
0016 4EC0                         sub r6,r6,#1
     0001
0018 5020                         cmp r1,r0
0019 6800                         beq fin_boucle_0
     0048
001B 0800                         ldr r0,mem_b
     0051
001D 3EC0                         add r6,r6,#1
     0001
001F 10C0                         str r0,[r6]
0020 0800                         ldr r0,mem_a
     0050
0022 01C0                         ldr r1,[r6]
0023 4EC0                         sub r6,r6,#1
     0001
0025 5020                         cmp r1,r0
0026 7800                         blt si_vrai_0
     0037
0028 0800                         ldr r0,mem_b
     0051
002A 3EC0                         add r6,r6,#1
     0001
002C 10C0                         str r0,[r6]
002D 0800                         ldr r0,mem_a
     0050
002F 01C0                         ldr r1,[r6]
0030 4EC0                         sub r6,r6,#1
     0001
0032 4020                         sub r0,r1,r0
0033 1800                         str r0,mem_b
     0051
0035 8800                         b fin_test_0
     0046
0037 0800 @si_vrai_0              ldr r0,mem_a
     0050
0039 3EC0                         add r6,r6,#1
     0001
003B 10C0                         str r0,[r6]
003C 0800                         ldr r0,mem_b
     0051
003E 01C0                         ldr r1,[r6]
003F 4EC0                         sub r6,r6,#1
     0001
0041 4020                         sub r0,r1,r0
0042 1800                         str r0,mem_a
     0050
0044 2800                         mov r0,#0
     0000
0046 8800 @fin_test_0             b boucle_debut_0
     000E
0048 2F00 @fin_boucle_0           mov r7,#print_2
     004E
004A 0800                         ldr r0,mem_a
     0050
004C 8800                         b printInt
     0052
004E 8800 @print_2                b print_2
     004E
0050 0000 @mem_a                  rmw 1
0051 0000 @mem_b                  rmw 1
0052 1804 @printInt               str r1,printInt_r1
     00B2
0054 1808                         str r2,printInt_r2
     00B3
0056 180C                         str r3,printInt_r3
     00B4
0058 1810                         str r4,printInt_r4
     00B5
005A 1814                         str r5,printInt_r5
     00B6
005C 2900                         mov r1,#0
     0000
005E 2A00                         mov r2,#0
     0000
0060 2B00                         mov r3,#0
     0000
0062 2C00                         mov r4,#0
     0000
0064 2D00                         mov r5,#0
     0000
0066 5800                         cmp r0,#0
     0000
0068 7800                         blt printInt_minus
     006C
006A 8800                         b printInt_loop_a
     0073
006C 2D00 @printInt_minus         mov r5,#45
     002D
006E 1814                         str r5,0xABCD
     ABCD
0070 2D00                         mov r5,#0
     0000
0072 40A0                         sub r0,r5,r0
0073 5820 @printInt_loop_a        cmp r1,#5
     0005
0075 6800                         beq printInt_endloop_a
     0096
0077 3C20                         add r4,r1,#printInt_table
     00AD
0079 0480                         ldr r4,[r4]
007A 2A00                         mov r2,#0
     0000
007C 5010 @printInt_loop_b        cmp r0,r4
007D 7800                         blt printInt_endloop_b
     0084
007F 3A40                         add r2,r2,#1
     0001
0081 4010                         sub r0,r0,r4
0082 8800                         b printInt_loop_b
     007C
0084 3920 @printInt_endloop_b     add r1,r1,#1
     0001
0086 5840                         cmp r2,#0
     0000
0088 6800                         beq printInt_endif_a
     008C
008A 2B00                         mov r3,#1
     0001
008C 5860 @printInt_endif_a       cmp r3,#0
     0000
008E 6800                         beq printInt_endif_b
     0094
0090 3D40                         add r5,r2,#48
     0030
0092 1814                         str r5,0xABCD
     ABCD
0094 8800 @printInt_endif_b       b printInt_loop_a
     0073
0096 5860 @printInt_endloop_a     cmp r3,#1
     0001
0098 6800                         beq printInt_endif_c
     009E
009A 2D00                         mov r5,#48
     0030
009C 1814                         str r5,0xABCD
     ABCD
009E 2D00 @printInt_endif_c       mov r5,#10
     000A
00A0 1814                         str r5,0xABCD
     ABCD
00A2 0900                         ldr r1,printInt_r1
     00B2
00A4 0A00                         ldr r2,printInt_r2
     00B3
00A6 0B00                         ldr r3,printInt_r3
     00B4
00A8 0C00                         ldr r4,printInt_r4
     00B5
00AA 0D00                         ldr r5,printInt_r5
     00B6
00AC 801C                         b r7
00AD 2710 @printInt_table         smw 10000
00AE 03E8                         smw 1000
00AF 0064                         smw 100
00B0 000A                         smw 10
00B1 0001                         smw 1
00B2 0000 @printInt_r1            rmw 1
00B3 0000 @printInt_r2            rmw 1
00B4 0000 @printInt_r3            rmw 1
00B5 0000 @printInt_r4            rmw 1
00B6 0000 @printInt_r5            rmw 1
00B7 1804 @printStr               str r1,printStr_r1_mem
     00C8
00B9 0100                         ldr r1,[r0]
00BA 5820 @printStr_loop          cmp r1,#0
     0000
00BC 6800                         beq printStr_end
     00C5
00BE 1804                         str r1,0xABCD
     ABCD
00C0 3800                         add r0,r0,#1
     0001
00C2 0100                         ldr r1,[r0]
00C3 8800                         b printStr_loop
     00BA
00C5 0900 @printStr_end           ldr r1,printStr_r1_mem
     00C8
00C7 801C                         b r7
00C8 0000 @printStr_r1_mem        rmw 1
00C9 0B00 @readChr                ldr r3,0x9234
     9234
00CB 5860                         cmp r3,#0
     0000
00CD 6800                         beq readChr
     00C9
00CF 180C                         str r3,0x9234
     9234
00D1 801C                         b r7
00D2 1804 @readInt                str r1,readInt_r1
     0125
00D4 1808                         str r2,readInt_r2
     0126
00D6 180C                         str r3,readInt_r3
     0127
00D8 1810                         str r4,readInt_r4
     0128
00DA 181C                         str r7,readInt_r7
     0129
00DC 2800                         mov r0,#0
     0000
00DE 2900                         mov r1,#0
     0000
00E0 2A00                         mov r2,#0
     0000
00E2 2B00                         mov r3,#0
     0000
00E4 2C00                         mov r4,#0
     0000
00E6 2F00                         mov r7,#readInt_return_1
     00EA
00E8 8800                         b readChr
     00C9
00EA 5860 @readInt_return_1       cmp r3,#45
     002D
00EC 6800                         beq readInt_isMinus
     00F0
00EE 8800                         b readInt_minus_continue
     00F8
00F0 2C00 @readInt_isMinus        mov r4,#1
     0001
00F2 180C                         str r3,0xABCD
     ABCD
00F4 2F00                         mov r7,#readInt_minus_continue
     00F8
00F6 8800                         b readChr
     00C9
00F8 5860 @readInt_minus_continue cmp r3,#58
     003A
00FA 7800                         blt readInt_maybevalid
     00FE
00FC 8800                         b readInt_noMoreNber
     010F
00FE 5860 @readInt_maybevalid     cmp r3,#48
     0030
0100 7800                         blt readInt_noMoreNber
     010F
0102 180C                         str r3,0xABCD
     ABCD
0104 3000                         add r0,r0,r0
0105 3100                         add r1,r0,r0
0106 3124                         add r1,r1,r1
0107 3004                         add r0,r0,r1
0108 4B60                         sub r3,r3,#48
     0030
010A 300C                         add r0,r0,r3
010B 2F00                         mov r7,#readInt_minus_continue
     00F8
010D 8800                         b readChr
     00C9
010F 2B00 @readInt_noMoreNber     mov r3,#10
     000A
0111 180C                         str r3,0xABCD
     ABCD
0113 5880                         cmp r4,#0
     0000
0115 6800                         beq readInt_maybenewline
     011A
0117 2B00                         mov r3,#0
     0000
0119 4060                         sub r0,r3,r0
011A 0900 @readInt_maybenewline   ldr r1,readInt_r1
     0125
011C 0A00                         ldr r2,readInt_r2
     0126
011E 0B00                         ldr r3,readInt_r3
     0127
0120 0C00                         ldr r4,readInt_r4
     0128
0122 0F00                         ldr r7,readInt_r7
     0129
0124 801C                         b r7
0125 0000 @readInt_r1             rmw 1
0126 0000 @readInt_r2             rmw 1
0127 0000 @readInt_r3             rmw 1
0128 0000 @readInt_r4             rmw 1
0129 0000 @readInt_r7             rmw 1
012A 0000 @initialisation_pile    rmw 1
