0000 2E00                         mov r6,#initialisation_pile
     00F9
0002 2F00                         mov r7,#read_0
     0006
0004 8800                         b readInt
     00A1
0006 1800 @read_0                 str r0,mem_a
     001E
0008 0800                         ldr r0,mem_a
     001E
000A 1800                         str r0,mem_b
     001F
000C 2F00                         mov r7,#print_1
     0012
000E 0800                         ldr r0,mem_b
     001F
0010 8800                         b printInt
     0021
0012 2800 @print_1                mov r0,#100
     0064
0014 1800                         str r0,mem_c
     0020
0016 2F00                         mov r7,#print_2
     001C
0018 0800                         ldr r0,mem_c
     0020
001A 8800                         b printInt
     0021
001C 8800 @print_2                b print_2
     001C
001E 0000 @mem_a                  rmw 1
001F 0000 @mem_b                  rmw 1
0020 0000 @mem_c                  rmw 1
0021 1804 @printInt               str r1,printInt_r1
     0081
0023 1808                         str r2,printInt_r2
     0082
0025 180C                         str r3,printInt_r3
     0083
0027 1810                         str r4,printInt_r4
     0084
0029 1814                         str r5,printInt_r5
     0085
002B 2900                         mov r1,#0
     0000
002D 2A00                         mov r2,#0
     0000
002F 2B00                         mov r3,#0
     0000
0031 2C00                         mov r4,#0
     0000
0033 2D00                         mov r5,#0
     0000
0035 5800                         cmp r0,#0
     0000
0037 7800                         blt printInt_minus
     003B
0039 8800                         b printInt_loop_a
     0042
003B 2D00 @printInt_minus         mov r5,#45
     002D
003D 1814                         str r5,0xABCD
     ABCD
003F 2D00                         mov r5,#0
     0000
0041 40A0                         sub r0,r5,r0
0042 5820 @printInt_loop_a        cmp r1,#5
     0005
0044 6800                         beq printInt_endloop_a
     0065
0046 3C20                         add r4,r1,#printInt_table
     007C
0048 0480                         ldr r4,[r4]
0049 2A00                         mov r2,#0
     0000
004B 5010 @printInt_loop_b        cmp r0,r4
004C 7800                         blt printInt_endloop_b
     0053
004E 3A40                         add r2,r2,#1
     0001
0050 4010                         sub r0,r0,r4
0051 8800                         b printInt_loop_b
     004B
0053 3920 @printInt_endloop_b     add r1,r1,#1
     0001
0055 5840                         cmp r2,#0
     0000
0057 6800                         beq printInt_endif_a
     005B
0059 2B00                         mov r3,#1
     0001
005B 5860 @printInt_endif_a       cmp r3,#0
     0000
005D 6800                         beq printInt_endif_b
     0063
005F 3D40                         add r5,r2,#48
     0030
0061 1814                         str r5,0xABCD
     ABCD
0063 8800 @printInt_endif_b       b printInt_loop_a
     0042
0065 5860 @printInt_endloop_a     cmp r3,#1
     0001
0067 6800                         beq printInt_endif_c
     006D
0069 2D00                         mov r5,#48
     0030
006B 1814                         str r5,0xABCD
     ABCD
006D 2D00 @printInt_endif_c       mov r5,#10
     000A
006F 1814                         str r5,0xABCD
     ABCD
0071 0900                         ldr r1,printInt_r1
     0081
0073 0A00                         ldr r2,printInt_r2
     0082
0075 0B00                         ldr r3,printInt_r3
     0083
0077 0C00                         ldr r4,printInt_r4
     0084
0079 0D00                         ldr r5,printInt_r5
     0085
007B 801C                         b r7
007C 2710 @printInt_table         smw 10000
007D 03E8                         smw 1000
007E 0064                         smw 100
007F 000A                         smw 10
0080 0001                         smw 1
0081 0000 @printInt_r1            rmw 1
0082 0000 @printInt_r2            rmw 1
0083 0000 @printInt_r3            rmw 1
0084 0000 @printInt_r4            rmw 1
0085 0000 @printInt_r5            rmw 1
0086 1804 @printStr               str r1,printStr_r1_mem
     0097
0088 0100                         ldr r1,[r0]
0089 5820 @printStr_loop          cmp r1,#0
     0000
008B 6800                         beq printStr_end
     0094
008D 1804                         str r1,0xABCD
     ABCD
008F 3800                         add r0,r0,#1
     0001
0091 0100                         ldr r1,[r0]
0092 8800                         b printStr_loop
     0089
0094 0900 @printStr_end           ldr r1,printStr_r1_mem
     0097
0096 801C                         b r7
0097 0000 @printStr_r1_mem        rmw 1
0098 0B00 @readChr                ldr r3,0x9234
     9234
009A 5860                         cmp r3,#0
     0000
009C 6800                         beq readChr
     0098
009E 180C                         str r3,0x9234
     9234
00A0 801C                         b r7
00A1 1804 @readInt                str r1,readInt_r1
     00F4
00A3 1808                         str r2,readInt_r2
     00F5
00A5 180C                         str r3,readInt_r3
     00F6
00A7 1810                         str r4,readInt_r4
     00F7
00A9 181C                         str r7,readInt_r7
     00F8
00AB 2800                         mov r0,#0
     0000
00AD 2900                         mov r1,#0
     0000
00AF 2A00                         mov r2,#0
     0000
00B1 2B00                         mov r3,#0
     0000
00B3 2C00                         mov r4,#0
     0000
00B5 2F00                         mov r7,#readInt_return_1
     00B9
00B7 8800                         b readChr
     0098
00B9 5860 @readInt_return_1       cmp r3,#45
     002D
00BB 6800                         beq readInt_isMinus
     00BF
00BD 8800                         b readInt_minus_continue
     00C7
00BF 2C00 @readInt_isMinus        mov r4,#1
     0001
00C1 180C                         str r3,0xABCD
     ABCD
00C3 2F00                         mov r7,#readInt_minus_continue
     00C7
00C5 8800                         b readChr
     0098
00C7 5860 @readInt_minus_continue cmp r3,#58
     003A
00C9 7800                         blt readInt_maybevalid
     00CD
00CB 8800                         b readInt_noMoreNber
     00DE
00CD 5860 @readInt_maybevalid     cmp r3,#48
     0030
00CF 7800                         blt readInt_noMoreNber
     00DE
00D1 180C                         str r3,0xABCD
     ABCD
00D3 3000                         add r0,r0,r0
00D4 3100                         add r1,r0,r0
00D5 3124                         add r1,r1,r1
00D6 3004                         add r0,r0,r1
00D7 4B60                         sub r3,r3,#48
     0030
00D9 300C                         add r0,r0,r3
00DA 2F00                         mov r7,#readInt_minus_continue
     00C7
00DC 8800                         b readChr
     0098
00DE 2B00 @readInt_noMoreNber     mov r3,#10
     000A
00E0 180C                         str r3,0xABCD
     ABCD
00E2 5880                         cmp r4,#0
     0000
00E4 6800                         beq readInt_maybenewline
     00E9
00E6 2B00                         mov r3,#0
     0000
00E8 4060                         sub r0,r3,r0
00E9 0900 @readInt_maybenewline   ldr r1,readInt_r1
     00F4
00EB 0A00                         ldr r2,readInt_r2
     00F5
00ED 0B00                         ldr r3,readInt_r3
     00F6
00EF 0C00                         ldr r4,readInt_r4
     00F7
00F1 0F00                         ldr r7,readInt_r7
     00F8
00F3 801C                         b r7
00F4 0000 @readInt_r1             rmw 1
00F5 0000 @readInt_r2             rmw 1
00F6 0000 @readInt_r3             rmw 1
00F7 0000 @readInt_r4             rmw 1
00F8 0000 @readInt_r7             rmw 1
00F9 0000 @initialisation_pile    rmw 1
